OnException 未将对象引用设置到对象的实例。:
   在 ICusCRM.Web.Portal.Toolkits.ToolkitsHelper.ClientRoutes(HttpContextBase httpContext, RouteData routeData) 位置 g:\个人\iCus\icus\icus\mohrss\Web.Portal\Toolkits\ToolkitsHelper.cs:行号 89
      -----2018/3/28 9:28:56
OnException 未将对象引用设置到对象的实例。:
   在 ICusCRM.Web.Portal.Toolkits.ToolkitsHelper.ClientRoutes(HttpContextBase httpContext, RouteData routeData) 位置 g:\个人\iCus\icus\icus\mohrss\Web.Portal\Toolkits\ToolkitsHelper.cs:行号 89
      -----2018/3/28 9:46:21
OnException 未将对象引用设置到对象的实例。:
   在 ICusCRM.Web.Portal.Toolkits.ToolkitsHelper.ClientRoutes(HttpContextBase httpContext, RouteData routeData) 位置 g:\个人\iCus\icus\icus\mohrss\Web.Portal\Toolkits\ToolkitsHelper.cs:行号 89
      -----2018/3/28 9:55:37
OnException 未将对象引用设置到对象的实例。:
   在 ICusCRM.Web.Portal.Toolkits.ToolkitsHelper.ClientRoutes(HttpContextBase httpContext, RouteData routeData) 位置 g:\个人\iCus\icus\icus\mohrss\Web.Portal\Toolkits\ToolkitsHelper.cs:行号 89
      -----2018/3/28 9:59:17
OnException 未将对象引用设置到对象的实例。:
   在 ICusCRM.Web.Portal.Toolkits.ToolkitsHelper.ClientRoutes(HttpContextBase httpContext, RouteData routeData) 位置 g:\个人\iCus\icus\icus\mohrss\Web.Portal\Toolkits\ToolkitsHelper.cs:行号 89
      -----2018/3/28 10:00:03
OnException 未将对象引用设置到对象的实例。:
   在 ICusCRM.Web.Portal.Toolkits.ToolkitsHelper.ClientRoutes(HttpContextBase httpContext, RouteData routeData) 位置 g:\个人\iCus\icus\icus\mohrss\Web.Portal\Toolkits\ToolkitsHelper.cs:行号 89
      -----2018/3/28 10:02:17
OnException 未将对象引用设置到对象的实例。:
   在 ICusCRM.Web.Portal.Toolkits.ToolkitsHelper.ClientRoutes(HttpContextBase httpContext, RouteData routeData) 位置 g:\个人\iCus\icus\icus\mohrss\Web.Portal\Toolkits\ToolkitsHelper.cs:行号 89
      -----2018/3/28 10:05:25
OnException 未将对象引用设置到对象的实例。:
   在 ICusCRM.Web.Portal.Toolkits.ToolkitsHelper.ClientRoutes(HttpContextBase httpContext, RouteData routeData) 位置 g:\个人\iCus\icus\icus\mohrss\Web.Portal\Toolkits\ToolkitsHelper.cs:行号 89
      -----2018/3/28 10:07:41
OnException 未将对象引用设置到对象的实例。:
   在 ICusCRM.Web.Portal.Toolkits.ToolkitsHelper.ClientRoutes(HttpContextBase httpContext, RouteData routeData) 位置 g:\个人\iCus\icus\icus\mohrss\Web.Portal\Toolkits\ToolkitsHelper.cs:行号 89
      -----2018/3/28 10:09:41
OnException 未将对象引用设置到对象的实例。:
   在 ICusCRM.Web.Portal.Toolkits.ToolkitsHelper.ClientRoutes(HttpContextBase httpContext, RouteData routeData) 位置 g:\个人\iCus\icus\icus\mohrss\Web.Portal\Toolkits\ToolkitsHelper.cs:行号 89
      -----2018/3/28 10:12:42
OnException 未将对象引用设置到对象的实例。:
   在 ICusCRM.Web.Portal.Toolkits.ToolkitsHelper.ClientRoutes(HttpContextBase httpContext, RouteData routeData) 位置 g:\个人\iCus\icus\icus\mohrss\Web.Portal\Toolkits\ToolkitsHelper.cs:行号 89
      -----2018/3/28 10:17:06
OnException 未将对象引用设置到对象的实例。:
   在 ICusCRM.Web.Portal.Toolkits.ToolkitsHelper.ClientRoutes(HttpContextBase httpContext, RouteData routeData) 位置 g:\个人\iCus\icus\icus\mohrss\Web.Portal\Toolkits\ToolkitsHelper.cs:行号 89
      -----2018/3/28 10:27:40
OnException 未将对象引用设置到对象的实例。:
   在 ICusCRM.Web.Portal.Toolkits.ToolkitsHelper.ClientRoutes(HttpContextBase httpContext, RouteData routeData) 位置 g:\个人\iCus\icus\icus\mohrss\Web.Portal\Toolkits\ToolkitsHelper.cs:行号 89
      -----2018/3/28 10:30:59
OnException 未将对象引用设置到对象的实例。:
   在 ICusCRM.Web.Portal.Toolkits.ToolkitsHelper.ClientRoutes(HttpContextBase httpContext, RouteData routeData) 位置 g:\个人\iCus\icus\icus\mohrss\Web.Portal\Toolkits\ToolkitsHelper.cs:行号 89
      -----2018/3/28 10:36:13
OnException 未将对象引用设置到对象的实例。:
   在 ICusCRM.Web.Portal.Toolkits.ToolkitsHelper.ClientRoutes(HttpContextBase httpContext, RouteData routeData) 位置 g:\个人\iCus\icus\icus\mohrss\Web.Portal\Toolkits\ToolkitsHelper.cs:行号 89
      -----2018/3/28 10:41:50
OnException 未将对象引用设置到对象的实例。:
   在 ICusCRM.Web.Portal.Toolkits.ToolkitsHelper.ClientRoutes(HttpContextBase httpContext, RouteData routeData) 位置 g:\个人\iCus\icus\icus\mohrss\Web.Portal\Toolkits\ToolkitsHelper.cs:行号 89
      -----2018/3/28 10:56:01
OnException 未将对象引用设置到对象的实例。:
   在 ICusCRM.Web.Portal.Toolkits.ToolkitsHelper.ClientRoutes(HttpContextBase httpContext, RouteData routeData) 位置 g:\个人\iCus\icus\icus\mohrss\Web.Portal\Toolkits\ToolkitsHelper.cs:行号 89
      -----2018/3/28 11:31:23
OnException 未将对象引用设置到对象的实例。:
   在 ICusCRM.Web.Portal.Toolkits.ToolkitsHelper.ClientRoutes(HttpContextBase httpContext, RouteData routeData) 位置 g:\个人\iCus\icus\icus\mohrss\Web.Portal\Toolkits\ToolkitsHelper.cs:行号 89
      -----2018/3/28 11:34:41
OnException 未将对象引用设置到对象的实例。:
   在 ICusCRM.Web.Portal.Toolkits.ToolkitsHelper.ClientRoutes(HttpContextBase httpContext, RouteData routeData) 位置 g:\个人\iCus\icus\icus\mohrss\Web.Portal\Toolkits\ToolkitsHelper.cs:行号 89
      -----2018/3/28 13:14:11
OnException 抱歉，您对/system/usermgtresult访问没有权限,请检查配置。:
   在 ICusCRM.Web.Portal.Toolkits.AppAuthorizeAttribute.OnActionExecuting(ActionExecutingContext filterContext) 位置 g:\个人\iCus\icus\icus\mohrss\Web.Portal\Toolkits\AppAuthorizeAttribute.cs:行号 85
   在 System.Web.Mvc.Async.AsyncControllerActionInvoker.AsyncInvocationWithFilters.InvokeActionMethodFilterAsynchronouslyRecursive(Int32 filterIndex)
   在 System.Web.Mvc.Async.AsyncControllerActionInvoker.AsyncInvocationWithFilters.InvokeActionMethodFilterAsynchronouslyRecursive(Int32 filterIndex)
   在 System.Web.Mvc.Async.AsyncControllerActionInvoker.<>c__DisplayClass33.<BeginInvokeActionMethodWithFilters>b__31(AsyncCallback asyncCallback, Object asyncState)
   在 System.Web.Mvc.Async.AsyncResultWrapper.WrappedAsyncResultBase`1.Begin(AsyncCallback callback, Object state, Int32 timeout)
   在 System.Web.Mvc.Async.AsyncControllerActionInvoker.BeginInvokeActionMethodWithFilters(ControllerContext controllerContext, IList`1 filters, ActionDescriptor actionDescriptor, IDictionary`2 parameters, AsyncCallback callback, Object state)
   在 System.Web.Mvc.Async.AsyncControllerActionInvoker.<>c__DisplayClass21.<BeginInvokeAction>b__19(AsyncCallback asyncCallback, Object asyncState)
      -----2018/3/28 13:14:22
OnException 抱歉，您对/system/usermgtresult访问没有权限,请检查配置。:
   在 ICusCRM.Web.Portal.Toolkits.AppAuthorizeAttribute.OnActionExecuting(ActionExecutingContext filterContext) 位置 g:\个人\iCus\icus\icus\mohrss\Web.Portal\Toolkits\AppAuthorizeAttribute.cs:行号 85
   在 System.Web.Mvc.Async.AsyncControllerActionInvoker.AsyncInvocationWithFilters.InvokeActionMethodFilterAsynchronouslyRecursive(Int32 filterIndex)
   在 System.Web.Mvc.Async.AsyncControllerActionInvoker.AsyncInvocationWithFilters.InvokeActionMethodFilterAsynchronouslyRecursive(Int32 filterIndex)
   在 System.Web.Mvc.Async.AsyncControllerActionInvoker.<>c__DisplayClass33.<BeginInvokeActionMethodWithFilters>b__31(AsyncCallback asyncCallback, Object asyncState)
   在 System.Web.Mvc.Async.AsyncResultWrapper.WrappedAsyncResultBase`1.Begin(AsyncCallback callback, Object state, Int32 timeout)
   在 System.Web.Mvc.Async.AsyncControllerActionInvoker.BeginInvokeActionMethodWithFilters(ControllerContext controllerContext, IList`1 filters, ActionDescriptor actionDescriptor, IDictionary`2 parameters, AsyncCallback callback, Object state)
   在 System.Web.Mvc.Async.AsyncControllerActionInvoker.<>c__DisplayClass21.<BeginInvokeAction>b__19(AsyncCallback asyncCallback, Object asyncState)
      -----2018/3/28 13:14:43
OnException 未将对象引用设置到对象的实例。:
   在 ICusCRM.Web.Portal.Toolkits.ToolkitsHelper.ClientRoutes(HttpContextBase httpContext, RouteData routeData) 位置 g:\个人\iCus\icus\icus\mohrss\Web.Portal\Toolkits\ToolkitsHelper.cs:行号 89
      -----2018/3/28 13:23:22
OnException 未将对象引用设置到对象的实例。:
   在 ICusCRM.Web.Portal.Toolkits.ToolkitsHelper.ClientRoutes(HttpContextBase httpContext, RouteData routeData) 位置 g:\个人\iCus\icus\icus\mohrss\Web.Portal\Toolkits\ToolkitsHelper.cs:行号 89
      -----2018/3/28 14:28:50
OnException 未将对象引用设置到对象的实例。:
   在 ICusCRM.Web.Portal.Controllers.SystemController.UserMgtResult() 位置 g:\个人\iCus\icus\icus\mohrss\Web.Portal\Controllers\SystemController.cs:行号 61
   在 lambda_method(Closure , ControllerBase , Object[] )
   在 System.Web.Mvc.ReflectedActionDescriptor.Execute(ControllerContext controllerContext, IDictionary`2 parameters)
   在 System.Web.Mvc.ControllerActionInvoker.InvokeActionMethod(ControllerContext controllerContext, ActionDescriptor actionDescriptor, IDictionary`2 parameters)
   在 System.Web.Mvc.Async.AsyncControllerActionInvoker.<BeginInvokeSynchronousActionMethod>b__39(IAsyncResult asyncResult, ActionInvocation innerInvokeState)
   在 System.Web.Mvc.Async.AsyncResultWrapper.WrappedAsyncResult`2.CallEndDelegate(IAsyncResult asyncResult)
   在 System.Web.Mvc.Async.AsyncControllerActionInvoker.EndInvokeActionMethod(IAsyncResult asyncResult)
   在 System.Web.Mvc.Async.AsyncControllerActionInvoker.AsyncInvocationWithFilters.<InvokeActionMethodFilterAsynchronouslyRecursive>b__3d()
   在 System.Web.Mvc.Async.AsyncControllerActionInvoker.AsyncInvocationWithFilters.<>c__DisplayClass46.<InvokeActionMethodFilterAsynchronouslyRecursive>b__3f()
   在 System.Web.Mvc.Async.AsyncControllerActionInvoker.AsyncInvocationWithFilters.<>c__DisplayClass46.<InvokeActionMethodFilterAsynchronouslyRecursive>b__3f()
   在 System.Web.Mvc.Async.AsyncControllerActionInvoker.EndInvokeActionMethodWithFilters(IAsyncResult asyncResult)
   在 System.Web.Mvc.Async.AsyncControllerActionInvoker.<>c__DisplayClass21.<>c__DisplayClass2b.<BeginInvokeAction>b__1c()
   在 System.Web.Mvc.Async.AsyncControllerActionInvoker.<>c__DisplayClass21.<BeginInvokeAction>b__1e(IAsyncResult asyncResult)
      -----2018/3/28 14:28:56
OnException 未将对象引用设置到对象的实例。:
   在 ICusCRM.Web.Portal.Toolkits.ToolkitsHelper.ClientRoutes(HttpContextBase httpContext, RouteData routeData) 位置 g:\个人\iCus\icus\icus\mohrss\Web.Portal\Toolkits\ToolkitsHelper.cs:行号 89
      -----2018/3/28 14:30:23
OnException 未将对象引用设置到对象的实例。:
   在 ICusCRM.Web.Portal.Controllers.SystemController.UserMgtResult() 位置 g:\个人\iCus\icus\icus\mohrss\Web.Portal\Controllers\SystemController.cs:行号 61
   在 lambda_method(Closure , ControllerBase , Object[] )
   在 System.Web.Mvc.ReflectedActionDescriptor.Execute(ControllerContext controllerContext, IDictionary`2 parameters)
   在 System.Web.Mvc.ControllerActionInvoker.InvokeActionMethod(ControllerContext controllerContext, ActionDescriptor actionDescriptor, IDictionary`2 parameters)
   在 System.Web.Mvc.Async.AsyncControllerActionInvoker.<BeginInvokeSynchronousActionMethod>b__39(IAsyncResult asyncResult, ActionInvocation innerInvokeState)
   在 System.Web.Mvc.Async.AsyncResultWrapper.WrappedAsyncResult`2.CallEndDelegate(IAsyncResult asyncResult)
   在 System.Web.Mvc.Async.AsyncControllerActionInvoker.EndInvokeActionMethod(IAsyncResult asyncResult)
   在 System.Web.Mvc.Async.AsyncControllerActionInvoker.AsyncInvocationWithFilters.<InvokeActionMethodFilterAsynchronouslyRecursive>b__3d()
   在 System.Web.Mvc.Async.AsyncControllerActionInvoker.AsyncInvocationWithFilters.<>c__DisplayClass46.<InvokeActionMethodFilterAsynchronouslyRecursive>b__3f()
   在 System.Web.Mvc.Async.AsyncControllerActionInvoker.AsyncInvocationWithFilters.<>c__DisplayClass46.<InvokeActionMethodFilterAsynchronouslyRecursive>b__3f()
   在 System.Web.Mvc.Async.AsyncControllerActionInvoker.EndInvokeActionMethodWithFilters(IAsyncResult asyncResult)
   在 System.Web.Mvc.Async.AsyncControllerActionInvoker.<>c__DisplayClass21.<>c__DisplayClass2b.<BeginInvokeAction>b__1c()
   在 System.Web.Mvc.Async.AsyncControllerActionInvoker.<>c__DisplayClass21.<BeginInvokeAction>b__1e(IAsyncResult asyncResult)
      -----2018/3/28 14:30:33
OnException 未将对象引用设置到对象的实例。:
   在 ICusCRM.Web.Portal.Controllers.SystemController.UserMgtResult() 位置 g:\个人\iCus\icus\icus\mohrss\Web.Portal\Controllers\SystemController.cs:行号 61
   在 lambda_method(Closure , ControllerBase , Object[] )
   在 System.Web.Mvc.ReflectedActionDescriptor.Execute(ControllerContext controllerContext, IDictionary`2 parameters)
   在 System.Web.Mvc.ControllerActionInvoker.InvokeActionMethod(ControllerContext controllerContext, ActionDescriptor actionDescriptor, IDictionary`2 parameters)
   在 System.Web.Mvc.Async.AsyncControllerActionInvoker.<BeginInvokeSynchronousActionMethod>b__39(IAsyncResult asyncResult, ActionInvocation innerInvokeState)
   在 System.Web.Mvc.Async.AsyncResultWrapper.WrappedAsyncResult`2.CallEndDelegate(IAsyncResult asyncResult)
   在 System.Web.Mvc.Async.AsyncControllerActionInvoker.EndInvokeActionMethod(IAsyncResult asyncResult)
   在 System.Web.Mvc.Async.AsyncControllerActionInvoker.AsyncInvocationWithFilters.<InvokeActionMethodFilterAsynchronouslyRecursive>b__3d()
   在 System.Web.Mvc.Async.AsyncControllerActionInvoker.AsyncInvocationWithFilters.<>c__DisplayClass46.<InvokeActionMethodFilterAsynchronouslyRecursive>b__3f()
   在 System.Web.Mvc.Async.AsyncControllerActionInvoker.AsyncInvocationWithFilters.<>c__DisplayClass46.<InvokeActionMethodFilterAsynchronouslyRecursive>b__3f()
   在 System.Web.Mvc.Async.AsyncControllerActionInvoker.EndInvokeActionMethodWithFilters(IAsyncResult asyncResult)
   在 System.Web.Mvc.Async.AsyncControllerActionInvoker.<>c__DisplayClass21.<>c__DisplayClass2b.<BeginInvokeAction>b__1c()
   在 System.Web.Mvc.Async.AsyncControllerActionInvoker.<>c__DisplayClass21.<BeginInvokeAction>b__1e(IAsyncResult asyncResult)
      -----2018/3/28 14:30:46
OnException 未将对象引用设置到对象的实例。:
   在 ICusCRM.Web.Portal.Controllers.SystemController.UserMgtResult() 位置 g:\个人\iCus\icus\icus\mohrss\Web.Portal\Controllers\SystemController.cs:行号 61
   在 lambda_method(Closure , ControllerBase , Object[] )
   在 System.Web.Mvc.ReflectedActionDescriptor.Execute(ControllerContext controllerContext, IDictionary`2 parameters)
   在 System.Web.Mvc.ControllerActionInvoker.InvokeActionMethod(ControllerContext controllerContext, ActionDescriptor actionDescriptor, IDictionary`2 parameters)
   在 System.Web.Mvc.Async.AsyncControllerActionInvoker.<BeginInvokeSynchronousActionMethod>b__39(IAsyncResult asyncResult, ActionInvocation innerInvokeState)
   在 System.Web.Mvc.Async.AsyncResultWrapper.WrappedAsyncResult`2.CallEndDelegate(IAsyncResult asyncResult)
   在 System.Web.Mvc.Async.AsyncControllerActionInvoker.EndInvokeActionMethod(IAsyncResult asyncResult)
   在 System.Web.Mvc.Async.AsyncControllerActionInvoker.AsyncInvocationWithFilters.<InvokeActionMethodFilterAsynchronouslyRecursive>b__3d()
   在 System.Web.Mvc.Async.AsyncControllerActionInvoker.AsyncInvocationWithFilters.<>c__DisplayClass46.<InvokeActionMethodFilterAsynchronouslyRecursive>b__3f()
   在 System.Web.Mvc.Async.AsyncControllerActionInvoker.AsyncInvocationWithFilters.<>c__DisplayClass46.<InvokeActionMethodFilterAsynchronouslyRecursive>b__3f()
   在 System.Web.Mvc.Async.AsyncControllerActionInvoker.EndInvokeActionMethodWithFilters(IAsyncResult asyncResult)
   在 System.Web.Mvc.Async.AsyncControllerActionInvoker.<>c__DisplayClass21.<>c__DisplayClass2b.<BeginInvokeAction>b__1c()
   在 System.Web.Mvc.Async.AsyncControllerActionInvoker.<>c__DisplayClass21.<BeginInvokeAction>b__1e(IAsyncResult asyncResult)
      -----2018/3/28 14:32:29
OnException 未将对象引用设置到对象的实例。:
   在 ICusCRM.Web.Portal.Toolkits.ToolkitsHelper.ClientRoutes(HttpContextBase httpContext, RouteData routeData) 位置 g:\个人\iCus\icus\icus\mohrss\Web.Portal\Toolkits\ToolkitsHelper.cs:行号 89
      -----2018/3/28 14:33:38
OnException 未将对象引用设置到对象的实例。:
   在 ICusCRM.Web.Portal.Controllers.SystemController.UserMgtResult() 位置 g:\个人\iCus\icus\icus\mohrss\Web.Portal\Controllers\SystemController.cs:行号 61
   在 lambda_method(Closure , ControllerBase , Object[] )
   在 System.Web.Mvc.ReflectedActionDescriptor.Execute(ControllerContext controllerContext, IDictionary`2 parameters)
   在 System.Web.Mvc.ControllerActionInvoker.InvokeActionMethod(ControllerContext controllerContext, ActionDescriptor actionDescriptor, IDictionary`2 parameters)
   在 System.Web.Mvc.Async.AsyncControllerActionInvoker.<BeginInvokeSynchronousActionMethod>b__39(IAsyncResult asyncResult, ActionInvocation innerInvokeState)
   在 System.Web.Mvc.Async.AsyncResultWrapper.WrappedAsyncResult`2.CallEndDelegate(IAsyncResult asyncResult)
   在 System.Web.Mvc.Async.AsyncControllerActionInvoker.EndInvokeActionMethod(IAsyncResult asyncResult)
   在 System.Web.Mvc.Async.AsyncControllerActionInvoker.AsyncInvocationWithFilters.<InvokeActionMethodFilterAsynchronouslyRecursive>b__3d()
   在 System.Web.Mvc.Async.AsyncControllerActionInvoker.AsyncInvocationWithFilters.<>c__DisplayClass46.<InvokeActionMethodFilterAsynchronouslyRecursive>b__3f()
   在 System.Web.Mvc.Async.AsyncControllerActionInvoker.AsyncInvocationWithFilters.<>c__DisplayClass46.<InvokeActionMethodFilterAsynchronouslyRecursive>b__3f()
   在 System.Web.Mvc.Async.AsyncControllerActionInvoker.EndInvokeActionMethodWithFilters(IAsyncResult asyncResult)
   在 System.Web.Mvc.Async.AsyncControllerActionInvoker.<>c__DisplayClass21.<>c__DisplayClass2b.<BeginInvokeAction>b__1c()
   在 System.Web.Mvc.Async.AsyncControllerActionInvoker.<>c__DisplayClass21.<BeginInvokeAction>b__1e(IAsyncResult asyncResult)
      -----2018/3/28 14:33:45
OnException 未将对象引用设置到对象的实例。:
   在 ICusCRM.Web.Portal.Toolkits.ToolkitsHelper.ClientRoutes(HttpContextBase httpContext, RouteData routeData) 位置 g:\个人\iCus\icus\icus\mohrss\Web.Portal\Toolkits\ToolkitsHelper.cs:行号 89
      -----2018/3/28 14:34:26
OnException 未将对象引用设置到对象的实例。:
   在 ICusCRM.Web.Portal.Controllers.SystemController.UserMgtResult() 位置 g:\个人\iCus\icus\icus\mohrss\Web.Portal\Controllers\SystemController.cs:行号 61
   在 lambda_method(Closure , ControllerBase , Object[] )
   在 System.Web.Mvc.ReflectedActionDescriptor.Execute(ControllerContext controllerContext, IDictionary`2 parameters)
   在 System.Web.Mvc.ControllerActionInvoker.InvokeActionMethod(ControllerContext controllerContext, ActionDescriptor actionDescriptor, IDictionary`2 parameters)
   在 System.Web.Mvc.Async.AsyncControllerActionInvoker.<BeginInvokeSynchronousActionMethod>b__39(IAsyncResult asyncResult, ActionInvocation innerInvokeState)
   在 System.Web.Mvc.Async.AsyncResultWrapper.WrappedAsyncResult`2.CallEndDelegate(IAsyncResult asyncResult)
   在 System.Web.Mvc.Async.AsyncControllerActionInvoker.EndInvokeActionMethod(IAsyncResult asyncResult)
   在 System.Web.Mvc.Async.AsyncControllerActionInvoker.AsyncInvocationWithFilters.<InvokeActionMethodFilterAsynchronouslyRecursive>b__3d()
   在 System.Web.Mvc.Async.AsyncControllerActionInvoker.AsyncInvocationWithFilters.<>c__DisplayClass46.<InvokeActionMethodFilterAsynchronouslyRecursive>b__3f()
   在 System.Web.Mvc.Async.AsyncControllerActionInvoker.AsyncInvocationWithFilters.<>c__DisplayClass46.<InvokeActionMethodFilterAsynchronouslyRecursive>b__3f()
   在 System.Web.Mvc.Async.AsyncControllerActionInvoker.EndInvokeActionMethodWithFilters(IAsyncResult asyncResult)
   在 System.Web.Mvc.Async.AsyncControllerActionInvoker.<>c__DisplayClass21.<>c__DisplayClass2b.<BeginInvokeAction>b__1c()
   在 System.Web.Mvc.Async.AsyncControllerActionInvoker.<>c__DisplayClass21.<BeginInvokeAction>b__1e(IAsyncResult asyncResult)
      -----2018/3/28 14:35:33
OnException 未将对象引用设置到对象的实例。:
   在 ICusCRM.Web.Portal.Toolkits.ToolkitsHelper.ClientRoutes(HttpContextBase httpContext, RouteData routeData) 位置 g:\个人\iCus\icus\icus\mohrss\Web.Portal\Toolkits\ToolkitsHelper.cs:行号 89
      -----2018/3/28 14:37:01
OnException 未将对象引用设置到对象的实例。:
   在 ICusCRM.Web.Portal.Toolkits.ToolkitsHelper.ClientRoutes(HttpContextBase httpContext, RouteData routeData) 位置 g:\个人\iCus\icus\icus\mohrss\Web.Portal\Toolkits\ToolkitsHelper.cs:行号 89
      -----2018/3/28 14:39:13
OnException 未将对象引用设置到对象的实例。:
   在 ICusCRM.Web.Portal.Controllers.SystemController.UserMgtResult() 位置 g:\个人\iCus\icus\icus\mohrss\Web.Portal\Controllers\SystemController.cs:行号 61
   在 lambda_method(Closure , ControllerBase , Object[] )
   在 System.Web.Mvc.ReflectedActionDescriptor.Execute(ControllerContext controllerContext, IDictionary`2 parameters)
   在 System.Web.Mvc.ControllerActionInvoker.InvokeActionMethod(ControllerContext controllerContext, ActionDescriptor actionDescriptor, IDictionary`2 parameters)
   在 System.Web.Mvc.Async.AsyncControllerActionInvoker.<BeginInvokeSynchronousActionMethod>b__39(IAsyncResult asyncResult, ActionInvocation innerInvokeState)
   在 System.Web.Mvc.Async.AsyncResultWrapper.WrappedAsyncResult`2.CallEndDelegate(IAsyncResult asyncResult)
   在 System.Web.Mvc.Async.AsyncControllerActionInvoker.EndInvokeActionMethod(IAsyncResult asyncResult)
   在 System.Web.Mvc.Async.AsyncControllerActionInvoker.AsyncInvocationWithFilters.<InvokeActionMethodFilterAsynchronouslyRecursive>b__3d()
   在 System.Web.Mvc.Async.AsyncControllerActionInvoker.AsyncInvocationWithFilters.<>c__DisplayClass46.<InvokeActionMethodFilterAsynchronouslyRecursive>b__3f()
   在 System.Web.Mvc.Async.AsyncControllerActionInvoker.AsyncInvocationWithFilters.<>c__DisplayClass46.<InvokeActionMethodFilterAsynchronouslyRecursive>b__3f()
   在 System.Web.Mvc.Async.AsyncControllerActionInvoker.EndInvokeActionMethodWithFilters(IAsyncResult asyncResult)
   在 System.Web.Mvc.Async.AsyncControllerActionInvoker.<>c__DisplayClass21.<>c__DisplayClass2b.<BeginInvokeAction>b__1c()
   在 System.Web.Mvc.Async.AsyncControllerActionInvoker.<>c__DisplayClass21.<BeginInvokeAction>b__1e(IAsyncResult asyncResult)
      -----2018/3/28 14:39:45
OnException 未将对象引用设置到对象的实例。:
   在 ICusCRM.Web.Portal.Toolkits.ToolkitsHelper.ClientRoutes(HttpContextBase httpContext, RouteData routeData) 位置 g:\个人\iCus\icus\icus\mohrss\Web.Portal\Toolkits\ToolkitsHelper.cs:行号 89
      -----2018/3/28 14:43:41
OnException 未将对象引用设置到对象的实例。:
   在 ICusCRM.Web.Portal.Toolkits.ToolkitsHelper.ClientRoutes(HttpContextBase httpContext, RouteData routeData) 位置 g:\个人\iCus\icus\icus\mohrss\Web.Portal\Toolkits\ToolkitsHelper.cs:行号 89
      -----2018/3/28 14:47:48
OnException 未将对象引用设置到对象的实例。:
   在 ICusCRM.Web.Portal.Toolkits.ToolkitsHelper.ClientRoutes(HttpContextBase httpContext, RouteData routeData) 位置 g:\个人\iCus\icus\icus\mohrss\Web.Portal\Toolkits\ToolkitsHelper.cs:行号 89
      -----2018/3/28 14:54:42
OnException 未将对象引用设置到对象的实例。:
   在 ICusCRM.Web.Portal.Toolkits.ToolkitsHelper.ClientRoutes(HttpContextBase httpContext, RouteData routeData) 位置 g:\个人\iCus\icus\icus\mohrss\Web.Portal\Toolkits\ToolkitsHelper.cs:行号 89
      -----2018/3/28 16:32:00
OnException 未将对象引用设置到对象的实例。:
   在 ICusCRM.Web.Portal.Toolkits.ToolkitsHelper.ClientRoutes(HttpContextBase httpContext, RouteData routeData) 位置 g:\个人\iCus\icus\icus\mohrss\Web.Portal\Toolkits\ToolkitsHelper.cs:行号 89
      -----2018/3/28 16:58:45
OnException 未将对象引用设置到对象的实例。:
   在 ICusCRM.Web.Portal.Toolkits.ToolkitsHelper.ClientRoutes(HttpContextBase httpContext, RouteData routeData) 位置 g:\个人\iCus\icus\icus\mohrss\Web.Portal\Toolkits\ToolkitsHelper.cs:行号 89
      -----2018/3/28 17:03:22
OnException 未将对象引用设置到对象的实例。:
   在 ICusCRM.Web.Portal.Toolkits.ToolkitsHelper.ClientRoutes(HttpContextBase httpContext, RouteData routeData) 位置 g:\个人\iCus\icus\icus\mohrss\Web.Portal\Toolkits\ToolkitsHelper.cs:行号 89
      -----2018/3/28 17:08:48
OnException 未将对象引用设置到对象的实例。:
   在 ICusCRM.Web.Portal.Toolkits.ToolkitsHelper.ClientRoutes(HttpContextBase httpContext, RouteData routeData) 位置 g:\个人\iCus\icus\icus\mohrss\Web.Portal\Toolkits\ToolkitsHelper.cs:行号 89
      -----2018/3/28 17:10:57
OnException 未将对象引用设置到对象的实例。:
   在 ICusCRM.Web.Portal.Toolkits.ToolkitsHelper.ClientRoutes(HttpContextBase httpContext, RouteData routeData) 位置 g:\个人\iCus\icus\icus\mohrss\Web.Portal\Toolkits\ToolkitsHelper.cs:行号 89
      -----2018/3/28 17:13:03
OnException 未将对象引用设置到对象的实例。:
   在 ICusCRM.Web.Portal.Toolkits.ToolkitsHelper.ClientRoutes(HttpContextBase httpContext, RouteData routeData) 位置 g:\个人\iCus\icus\icus\mohrss\Web.Portal\Toolkits\ToolkitsHelper.cs:行号 89
      -----2018/3/28 17:17:03
OnException 未将对象引用设置到对象的实例。:
   在 ICusCRM.Web.Portal.Toolkits.ToolkitsHelper.ClientRoutes(HttpContextBase httpContext, RouteData routeData) 位置 g:\个人\iCus\icus\icus\mohrss\Web.Portal\Toolkits\ToolkitsHelper.cs:行号 89
      -----2018/3/28 17:24:08
